<?xml version="1.0" encoding="UTF-8"?>
<testsuite name="TestShoppingCart" tests="3" skipped="0" failures="0" errors="0" timestamp="2021-05-12T10:20:50" hostname="Phavithras-MacBook-Air.local" time="0.042">
  <properties/>
  <testcase name="testEWalletBalance" classname="TestShoppingCart" time="0.028"/>
  <testcase name="testWithLowBalance" classname="TestShoppingCart" time="0.002"/>
  <testcase name="testWithLowStock" classname="TestShoppingCart" time="0.003"/>
  <system-out><![CDATA[cart amount apple100.0
cart amount milk200.0
cart amount news60.0
Apple
Milk
NewsPaper
cart amount milk200.0
cart amount news60.0
cart amount milk200.0
cart amount news60.0
]]></system-out>
  <system-err><![CDATA[]]></system-err>
</testsuite>
